<?xml version="1.0" encoding="UTF-8"?>
<!-- Generated by org.testng.reporters.JUnitReportReporter -->
<testsuite hostname="DESKTOP-AQ958C6" failures="0" tests="1" name="LoginTest" time="5.738" errors="0" timestamp="2024-04-20T19:23:00 EEST" skipped="0">
  <testcase classname="LoginTest" name="loginTest" time="5.738"/>
  <system-out/>
</testsuite> <!-- LoginTest -->
