<?xml version="1.0" encoding="UTF-8"?>
<!-- Generated by org.testng.reporters.JUnitReportReporter -->
<testsuite hostname="DESKTOP-AQ958C6" failures="0" tests="1" name="LikeButtonTest" time="5.229" errors="0" timestamp="2024-04-20T19:23:00 EEST" skipped="0">
  <testcase classname="LikeButtonTest" name="LikeButton" time="5.229"/>
  <system-out/>
</testsuite> <!-- LikeButtonTest -->
